<?xml version="1.0" encoding="UTF-8"?>
<!-- Generated by org.testng.reporters.JUnitReportReporter -->
<testsuite skipped="0" hostname="GNELTSU40691NC" name="Practice.DataproviderTest" tests="3" failures="0" timestamp="04 Oct 2017 06:11:53 GMT" time="0.020" errors="0">
  <testcase name="testCaseone" time="0.008" classname="Practice.DataproviderTest"/>
  <testcase name="testCaseone" time="0.009" classname="Practice.DataproviderTest"/>
  <testcase name="testCaseone" time="0.003" classname="Practice.DataproviderTest"/>
</testsuite> <!-- Practice.DataproviderTest -->
