<?xml version="1.0" encoding="UTF-8"?>
<!-- Generated by org.testng.reporters.JUnitReportReporter -->
<testsuite skipped="0" hostname="GNELTSU40691NC" name="Core.StringProblems" tests="4" failures="0" timestamp="23 Jul 2017 20:27:52 GMT" time="0.040" errors="0">
  <testcase name="countRepeatChar_TestCase" time="0.026" classname="Core.StringProblems"/>
  <testcase name="removeCharOneLine_TestCase" time="0.002" classname="Core.StringProblems"/>
  <testcase name="countRepeatString_TestCase" time="0.008" classname="Core.StringProblems"/>
  <testcase name="reverseString_Test" time="0.004" classname="Core.StringProblems"/>
</testsuite> <!-- Core.StringProblems -->
